Base path: /Applications/Unity/Unity.app/Contents
Pipe name: \\.\pipe\UnityShaderCompiler-1--1595809324
Cmd: getPlatforms
Cmd: preprocess
  insize=464 outsize=464 ok=1
Cmd: preprocess
  insize=1101 outsize=904 ok=1
Cmd: preprocess
  insize=1406 outsize=457 ok=1
Cmd: preprocess
  insize=1654 outsize=1035 ok=1
Cmd: preprocess
  insize=2451 outsize=490 ok=1
Cmd: preprocess
  insize=1574 outsize=702 ok=1
Cmd: preprocess
  insize=824 outsize=821 ok=1
Cmd: compileSnippet
  api=0 type=0 insize=1135 outsize=547 kw= ok=1
Cmd: compileSnippet
  api=0 type=1 insize=1135 outsize=333 kw= ok=1
