c:\users\100428864\desktop\cinder_0.8.6_vc2013\cinder_0.8.6_vc2013\samples\_timeline\custom keyboard\vc2013\debug\vc120.pdb
c:\users\100428864\desktop\cinder_0.8.6_vc2013\cinder_0.8.6_vc2013\samples\_timeline\custom keyboard\vc2013\debug\vc120.idb
c:\users\100428864\desktop\cinder_0.8.6_vc2013\cinder_0.8.6_vc2013\samples\_timeline\custom keyboard\vc2013\debug\leapkeyboard.obj
c:\users\100428864\desktop\cinder_0.8.6_vc2013\cinder_0.8.6_vc2013\samples\_timeline\custom keyboard\vc2013\debug\leapkeyboardletters.obj
c:\users\100428864\desktop\cinder_0.8.6_vc2013\cinder_0.8.6_vc2013\samples\_timeline\custom keyboard\vc2013\debug\leapkeyboard.ilk
c:\users\100428864\desktop\cinder_0.8.6_vc2013\cinder_0.8.6_vc2013\samples\_timeline\custom keyboard\vc2013\debug\leapkeyboard.exe
c:\users\100428864\desktop\cinder_0.8.6_vc2013\cinder_0.8.6_vc2013\samples\_timeline\custom keyboard\vc2013\debug\leapkeyboard.pdb
c:\users\100428864\desktop\cinder_0.8.6_vc2013\cinder_0.8.6_vc2013\samples\_timeline\custom keyboard\vc2013\debug\resources.res
c:\users\100428864\desktop\university stuff\year 4\invisible-human-computer-interaction\custom keyboard\vc2013\debug\leapkeyboard.obj
c:\users\100428864\desktop\university stuff\year 4\invisible-human-computer-interaction\custom keyboard\vc2013\debug\leapkeyboardletters.obj
c:\users\100428864\desktop\university stuff\year 4\invisible-human-computer-interaction\custom keyboard\vc2013\debug\leapkeyboard.ilk
c:\users\100428864\desktop\university stuff\year 4\invisible-human-computer-interaction\custom keyboard\vc2013\debug\resources.res
c:\users\100428864\desktop\university stuff\year 4\invisible-human-computer-interaction\custom keyboard\vc2013\debug\vc120.idb
c:\users\100428864\desktop\university stuff\year 4\invisible-human-computer-interaction\custom keyboard\vc2013\debug\leapkeyboard.pdb
c:\users\100428864\desktop\university stuff\year 4\invisible-human-computer-interaction\custom keyboard\vc2013\debug\vc120.pdb
c:\users\100428864\desktop\university stuff\year 4\invisible-human-computer-interaction\custom keyboard\vc2013\debug\leapkeyboard.exe
c:\users\100428864\desktop\university stuff\year 4\invisible-human-computer-interaction\custom keyboard\vc2013\debug\leapkeyboard.tlog\cl.command.1.tlog
c:\users\100428864\desktop\university stuff\year 4\invisible-human-computer-interaction\custom keyboard\vc2013\debug\leapkeyboard.tlog\cl.read.1.tlog
c:\users\100428864\desktop\university stuff\year 4\invisible-human-computer-interaction\custom keyboard\vc2013\debug\leapkeyboard.tlog\cl.write.1.tlog
c:\users\100428864\desktop\university stuff\year 4\invisible-human-computer-interaction\custom keyboard\vc2013\debug\leapkeyboard.tlog\link.command.1.tlog
c:\users\100428864\desktop\university stuff\year 4\invisible-human-computer-interaction\custom keyboard\vc2013\debug\leapkeyboard.tlog\link.read.1.tlog
c:\users\100428864\desktop\university stuff\year 4\invisible-human-computer-interaction\custom keyboard\vc2013\debug\leapkeyboard.tlog\link.write.1.tlog
c:\users\100428864\desktop\university stuff\year 4\invisible-human-computer-interaction\custom keyboard\vc2013\debug\leapkeyboard.tlog\rc.command.1.tlog
c:\users\100428864\desktop\university stuff\year 4\invisible-human-computer-interaction\custom keyboard\vc2013\debug\leapkeyboard.tlog\rc.read.1.tlog
c:\users\100428864\desktop\university stuff\year 4\invisible-human-computer-interaction\custom keyboard\vc2013\debug\leapkeyboard.tlog\rc.write.1.tlog
