Build started 04/12/2014 1:55:15 AM.
     1>Project "C:\Users\100428864\Dropbox\Capstone\GitHub Repository\Invisible-Human-Computer-Interaction\LeapDesktopApplicationFull\LeapDesktopApplicationFull\LeapDesktopApplicationFull.vcxproj" on node 2 (Build target(s)).
     1>Link:
         LeapDesktopApplicationFull.vcxproj -> C:\Users\100428864\Dropbox\Capstone\GitHub Repository\Invisible-Human-Computer-Interaction\LeapDesktopApplicationFull\Debug\LeapDesktopApplicationFull.exe
       PostBuildEvent:
         xcopy /yr "..\..\LeapSDK\lib\x86\Leapd.dll" "C:\Users\100428864\Dropbox\Capstone\GitHub Repository\Invisible-Human-Computer-Interaction\LeapDesktopApplicationFull\Debug\"
         xcopy /yr "..\..\LeapSDK\lib\x86\msvcp120d.dll" "C:\Users\100428864\Dropbox\Capstone\GitHub Repository\Invisible-Human-Computer-Interaction\LeapDesktopApplicationFull\Debug\"
         xcopy /yr "..\..\LeapSDK\lib\x86\msvcr120d.dll" "C:\Users\100428864\Dropbox\Capstone\GitHub Repository\Invisible-Human-Computer-Interaction\LeapDesktopApplicationFull\Debug\"
         xcopy /yr "..\..\..\freeglut\bin\freeglut.dll" "C:\Users\100428864\Dropbox\Capstone\GitHub Repository\Invisible-Human-Computer-Interaction\LeapDesktopApplicationFull\Debug\"
         
         :VCEnd
         ..\..\LeapSDK\lib\x86\Leapd.dll
         1 File(s) copied
         ..\..\LeapSDK\lib\x86\msvcp120d.dll
         1 File(s) copied
         ..\..\LeapSDK\lib\x86\msvcr120d.dll
         1 File(s) copied
         ..\..\..\freeglut\bin\freeglut.dll
         1 File(s) copied
     1>Done Building Project "C:\Users\100428864\Dropbox\Capstone\GitHub Repository\Invisible-Human-Computer-Interaction\LeapDesktopApplicationFull\LeapDesktopApplicationFull\LeapDesktopApplicationFull.vcxproj" (Build target(s)).

Build succeeded.

Time Elapsed 00:00:00.48
