c:\users\100428864\desktop\university stuff\year 4\invisible-human-computer-interaction\leapdesktopapplicationfull\leapdesktopapplicationfull\debug\vc120.pdb
c:\users\100428864\desktop\university stuff\year 4\invisible-human-computer-interaction\leapdesktopapplicationfull\leapdesktopapplicationfull\debug\vc120.idb
c:\users\100428864\desktop\university stuff\year 4\invisible-human-computer-interaction\leapdesktopapplicationfull\leapdesktopapplicationfull\debug\applicationwindowcontroller.obj
c:\users\100428864\desktop\university stuff\year 4\invisible-human-computer-interaction\leapdesktopapplicationfull\leapdesktopapplicationfull\debug\common.obj
c:\users\100428864\desktop\university stuff\year 4\invisible-human-computer-interaction\leapdesktopapplicationfull\leapdesktopapplicationfull\debug\helpcontrols.obj
c:\users\100428864\desktop\university stuff\year 4\invisible-human-computer-interaction\leapdesktopapplicationfull\leapdesktopapplicationfull\debug\leapgesturecontrols.obj
c:\users\100428864\desktop\university stuff\year 4\invisible-human-computer-interaction\leapdesktopapplicationfull\leapdesktopapplicationfull\debug\leapgesturefeedback.obj
c:\users\100428864\desktop\university stuff\year 4\invisible-human-computer-interaction\leapdesktopapplicationfull\leapdesktopapplicationfull\debug\leaphandcontrols.obj
c:\users\100428864\desktop\university stuff\year 4\invisible-human-computer-interaction\leapdesktopapplicationfull\leapdesktopapplicationfull\debug\volumecontrollers.obj
c:\users\100428864\desktop\university stuff\year 4\invisible-human-computer-interaction\leapdesktopapplicationfull\debug\leapdesktopapplicationfull.ilk
c:\users\100428864\desktop\university stuff\year 4\invisible-human-computer-interaction\leapdesktopapplicationfull\debug\leapdesktopapplicationfull.exe
c:\users\100428864\desktop\university stuff\year 4\invisible-human-computer-interaction\leapdesktopapplicationfull\debug\leapdesktopapplicationfull.pdb
c:\users\100428864\desktop\university stuff\year 4\invisible-human-computer-interaction\leapdesktopapplicationfull\leapdesktopapplicationfull\debug\leapdesktopapplicationfull.res
c:\users\100428864\desktop\university stuff\year 4\invisible-human-computer-interaction\leapdesktopapplicationfull\leapdesktopapplicationfull\debug\leapdesk.78a5425e.tlog\cl.command.1.tlog
c:\users\100428864\desktop\university stuff\year 4\invisible-human-computer-interaction\leapdesktopapplicationfull\leapdesktopapplicationfull\debug\leapdesk.78a5425e.tlog\cl.read.1.tlog
c:\users\100428864\desktop\university stuff\year 4\invisible-human-computer-interaction\leapdesktopapplicationfull\leapdesktopapplicationfull\debug\leapdesk.78a5425e.tlog\cl.write.1.tlog
c:\users\100428864\desktop\university stuff\year 4\invisible-human-computer-interaction\leapdesktopapplicationfull\leapdesktopapplicationfull\debug\leapdesk.78a5425e.tlog\link.command.1.tlog
c:\users\100428864\desktop\university stuff\year 4\invisible-human-computer-interaction\leapdesktopapplicationfull\leapdesktopapplicationfull\debug\leapdesk.78a5425e.tlog\link.read.1.tlog
c:\users\100428864\desktop\university stuff\year 4\invisible-human-computer-interaction\leapdesktopapplicationfull\leapdesktopapplicationfull\debug\leapdesk.78a5425e.tlog\link.write.1.tlog
c:\users\100428864\desktop\university stuff\year 4\invisible-human-computer-interaction\leapdesktopapplicationfull\leapdesktopapplicationfull\debug\leapdesk.78a5425e.tlog\rc.command.1.tlog
c:\users\100428864\desktop\university stuff\year 4\invisible-human-computer-interaction\leapdesktopapplicationfull\leapdesktopapplicationfull\debug\leapdesk.78a5425e.tlog\rc.read.1.tlog
c:\users\100428864\desktop\university stuff\year 4\invisible-human-computer-interaction\leapdesktopapplicationfull\leapdesktopapplicationfull\debug\leapdesk.78a5425e.tlog\rc.write.1.tlog
